2025-11-24 09:31:08 | INFO     | app.services.logger:setup_logger:42 - Logger initialized successfully
2025-11-24 09:32:54 | INFO     | app.services.logger:setup_logger:42 - Logger initialized successfully
2025-11-24 09:32:59 | INFO     | app.services.logger:setup_logger:42 - Logger initialized successfully
2025-11-24 09:33:11 | INFO     | app.services.logger:setup_logger:42 - Logger initialized successfully
2025-11-24 09:33:12 | INFO     | app.services.trade_service:__aenter__:33 - Connected to Binance Futures TESTNET
2025-11-24 09:33:12 | ERROR    | app.services.trade_service:get_account_balance:183 - Failed to get balance: APIError(code=-2015): Invalid API-key, IP, or permissions for action
2025-11-24 09:35:31 | INFO     | app.services.logger:setup_logger:42 - Logger initialized successfully
2025-11-24 09:35:32 | INFO     | app.services.trade_service:__aenter__:33 - Connected to Binance Futures TESTNET
2025-11-24 09:35:32 | ERROR    | app.services.trade_service:get_account_balance:183 - Failed to get balance: APIError(code=-2015): Invalid API-key, IP, or permissions for action
2025-11-24 09:35:32 | INFO     | app.services.trade_service:__aexit__:41 - Connection Closed
2025-11-24 09:36:51 | INFO     | app.services.logger:setup_logger:42 - Logger initialized successfully
2025-11-24 09:36:51 | INFO     | app.services.trade_service:__aenter__:33 - Connected to Binance Futures TESTNET
2025-11-24 09:36:52 | ERROR    | app.services.trade_service:get_account_balance:183 - Failed to get balance: APIError(code=-2015): Invalid API-key, IP, or permissions for action
2025-11-24 09:36:52 | INFO     | app.services.trade_service:__aexit__:41 - Connection Closed
2025-11-24 09:38:47 | INFO     | app.services.logger:setup_logger:42 - Logger initialized successfully
2025-11-24 09:38:47 | INFO     | app.services.trade_service:__aenter__:33 - Connected to Binance Futures TESTNET
2025-11-24 09:38:48 | INFO     | app.services.trade_service:get_account_balance:180 - Account balance: $5000.00 USDT
2025-11-24 09:38:48 | INFO     | app.services.trade_service:__aexit__:41 - Connection Closed
2025-11-24 09:43:54 | INFO     | app.services.logger:setup_logger:42 - Logger initialized successfully
2025-11-24 09:43:54 | INFO     | app.services.logger:setup_logger:42 - Logger initialized successfully
2025-11-24 09:43:55 | INFO     | app.services.trade_service:__aenter__:33 - Connected to Binance Futures TESTNET
2025-11-24 09:43:55 | INFO     | app.services.trade_service:get_account_balance:180 - Account balance: $5000.00 USDT
2025-11-24 09:43:55 | INFO     | app.services.trade_service:__aexit__:41 - Connection Closed
2025-11-24 09:46:35 | INFO     | app.services.logger:setup_logger:42 - Logger initialized successfully
2025-11-24 09:46:56 | INFO     | app.services.logger:setup_logger:42 - Logger initialized successfully
2025-11-24 09:47:08 | INFO     | app.services.logger:setup_logger:42 - Logger initialized successfully
2025-11-24 09:47:08 | INFO     | app.services.logger:setup_logger:42 - Logger initialized successfully
2025-11-24 09:47:32 | INFO     | app.services.logger:setup_logger:42 - Logger initialized successfully
2025-11-24 09:47:32 | INFO     | app.services.logger:setup_logger:42 - Logger initialized successfully
2025-11-24 09:47:33 | INFO     | app.services.trade_service:__aenter__:35 - Connected to Binance Futures TESTNET
2025-11-24 09:47:34 | INFO     | app.services.trade_service:get_account_balance:184 - Account balance: $5000.00 USDT
2025-11-24 09:47:34 | INFO     | app.services.trade_service:__aexit__:43 - Connection Closed
2025-11-24 09:51:52 | INFO     | app.services.logger:setup_logger:42 - Logger initialized successfully
2025-11-24 09:51:53 | INFO     | app.services.trade_service:__aenter__:35 - Connected to Binance Futures TESTNET
2025-11-24 09:51:53 | INFO     | app.services.trade_service:get_account_balance:184 - Account balance: $5000.00 USDT
2025-11-24 09:51:53 | INFO     | app.services.trade_service:__aexit__:43 - Connection Closed
2025-11-24 09:53:41 | INFO     | app.services.logger:setup_logger:42 - Logger initialized successfully
2025-11-24 09:53:42 | INFO     | app.services.trade_service:__aenter__:35 - Connected to Binance Futures TESTNET
2025-11-24 09:53:42 | INFO     | app.services.trade_service:get_account_balance:184 - Account balance: $5000.00 USDT
2025-11-24 09:53:42 | INFO     | app.services.trade_service:__aexit__:43 - Connection Closed
2025-11-24 09:53:49 | INFO     | app.services.logger:setup_logger:42 - Logger initialized successfully
2025-11-24 09:53:49 | INFO     | app.services.trade_service:__aenter__:35 - Connected to Binance Futures TESTNET
2025-11-24 09:53:49 | INFO     | app.services.trade_service:get_account_balance:184 - Account balance: $5000.00 USDT
2025-11-24 09:53:49 | INFO     | app.services.trade_service:__aexit__:43 - Connection Closed
2025-11-24 09:54:26 | INFO     | app.services.logger:setup_logger:43 - Logger initialized successfully
2025-11-24 09:54:27 | INFO     | app.services.trade_service:__aenter__:35 - Connected to Binance Futures TESTNET
2025-11-24 09:54:27 | INFO     | app.services.trade_service:get_account_balance:184 - Account balance: $5000.00 USDT
2025-11-24 09:54:27 | INFO     | app.services.trade_service:__aexit__:43 - Connection Closed
2025-11-24 09:54:39 | INFO     | app.services.logger:setup_logger:43 - Logger initialized successfully
2025-11-24 09:54:40 | INFO     | app.services.trade_service:__aenter__:35 - Connected to Binance Futures TESTNET
2025-11-24 09:54:40 | INFO     | app.services.trade_service:get_account_balance:184 - Account balance: $5000.00 USDT
2025-11-24 09:54:40 | INFO     | app.services.trade_service:__aexit__:43 - Connection Closed
